Release 14.7 - xst P.20131013 (nt64)
Copyright (c) 1995-2013 Xilinx, Inc.  All rights reserved.
--> Parameter TMPDIR set to xst/projnav.tmp


Total REAL time to Xst completion: 1.00 secs
Total CPU time to Xst completion: 0.38 secs
 
--> Parameter xsthdpdir set to xst


Total REAL time to Xst completion: 1.00 secs
Total CPU time to Xst completion: 0.39 secs
 
--> Reading design: Proyecto.prj

TABLE OF CONTENTS
  1) Synthesis Options Summary
  2) HDL Parsing
  3) HDL Elaboration
  4) HDL Synthesis
       4.1) HDL Synthesis Report
  5) Advanced HDL Synthesis
       5.1) Advanced HDL Synthesis Report
  6) Low Level Synthesis
  7) Partition Report
  8) Design Summary
       8.1) Primitive and Black Box Usage
       8.2) Device utilization summary
       8.3) Partition Resource Summary
       8.4) Timing Report
            8.4.1) Clock Information
            8.4.2) Asynchronous Control Signals Information
            8.4.3) Timing Summary
            8.4.4) Timing Details
            8.4.5) Cross Clock Domains Report


=========================================================================
*                      Synthesis Options Summary                        *
=========================================================================
---- Source Parameters
Input File Name                    : "Proyecto.prj"
Ignore Synthesis Constraint File   : NO

---- Target Parameters
Output File Name                   : "Proyecto"
Output Format                      : NGC
Target Device                      : xc6slx9-3-csg324

---- Source Options
Top Module Name                    : Proyecto
Automatic FSM Extraction           : YES
FSM Encoding Algorithm             : Auto
Safe Implementation                : No
FSM Style                          : LUT
RAM Extraction                     : Yes
RAM Style                          : Auto
ROM Extraction                     : Yes
Shift Register Extraction          : YES
ROM Style                          : Auto
Resource Sharing                   : YES
Asynchronous To Synchronous        : NO
Shift Register Minimum Size        : 2
Use DSP Block                      : Auto
Automatic Register Balancing       : No

---- Target Options
LUT Combining                      : Auto
Reduce Control Sets                : Auto
Add IO Buffers                     : YES
Global Maximum Fanout              : 100000
Add Generic Clock Buffer(BUFG)     : 16
Register Duplication               : YES
Optimize Instantiated Primitives   : NO
Use Clock Enable                   : Auto
Use Synchronous Set                : Auto
Use Synchronous Reset              : Auto
Pack IO Registers into IOBs        : Auto
Equivalent register Removal        : YES

---- General Options
Optimization Goal                  : Speed
Optimization Effort                : 1
Power Reduction                    : NO
Keep Hierarchy                     : No
Netlist Hierarchy                  : As_Optimized
RTL Output                         : Yes
Global Optimization                : AllClockNets
Read Cores                         : YES
Write Timing Constraints           : NO
Cross Clock Analysis               : NO
Hierarchy Separator                : /
Bus Delimiter                      : <>
Case Specifier                     : Maintain
Slice Utilization Ratio            : 100
BRAM Utilization Ratio             : 100
DSP48 Utilization Ratio            : 100
Auto BRAM Packing                  : NO
Slice Utilization Ratio Delta      : 5

=========================================================================


=========================================================================
*                          HDL Parsing                                  *
=========================================================================
Analyzing Verilog file "C:\Users\Sergio\Documents\XILINX\Verilog\marzo_proyecto\ModuloMux.v" into library work
Parsing module <ModuloMux>.
Analyzing Verilog file "C:\Users\Sergio\Documents\XILINX\Verilog\marzo_proyecto\ModuloDMux.v" into library work
Parsing module <ModuloDMux>.
Analyzing Verilog file "C:\Users\Sergio\Documents\XILINX\Verilog\marzo_proyecto\ModuloAnd.v" into library work
Parsing module <ModuloAnd>.
Analyzing Verilog file "C:\Users\Sergio\Documents\XILINX\Verilog\marzo_proyecto\FF_SR.v" into library work
Parsing module <FF_SR>.
Analyzing Verilog file "C:\Users\Sergio\Documents\XILINX\Verilog\marzo_proyecto\FF_D.v" into library work
Parsing module <FF_D>.
Analyzing Verilog file "C:\Users\Sergio\Documents\XILINX\Verilog\marzo_proyecto\Enable_S1.v" into library work
Parsing module <Enable_S1_S2_S3_S4>.
Analyzing Verilog file "C:\Users\Sergio\Documents\XILINX\Verilog\marzo_proyecto\Slot.v" into library work
Parsing module <Slot>.
Analyzing Verilog file "C:\Users\Sergio\Documents\XILINX\Verilog\marzo_proyecto\Proyecto.v" into library work
Parsing module <Proyecto>.

=========================================================================
*                            HDL Elaboration                            *
=========================================================================

Elaborating module <Proyecto>.

Elaborating module <Slot>.

Elaborating module <Enable_S1_S2_S3_S4>.

Elaborating module <ModuloDMux>.

Elaborating module <ModuloMux>.

Elaborating module <ModuloAnd>.

Elaborating module <FF_SR>.

Elaborating module <FF_D>.

=========================================================================
*                           HDL Synthesis                               *
=========================================================================

Synthesizing Unit <Proyecto>.
    Related source file is "C:\Users\Sergio\Documents\XILINX\Verilog\marzo_proyecto\Proyecto.v".
WARNING:Xst:647 - Input <STOP_REANUDAR_BUTTON> is never used. This port will be preserved and left unconnected if it belongs to a top-level block or it belongs to a sub-block and the hierarchy of this sub-block is preserved.
    Summary:
	no macro.
Unit <Proyecto> synthesized.

Synthesizing Unit <Slot>.
    Related source file is "C:\Users\Sergio\Documents\XILINX\Verilog\marzo_proyecto\Slot.v".
    Summary:
	no macro.
Unit <Slot> synthesized.

Synthesizing Unit <Enable_S1_S2_S3_S4>.
    Related source file is "C:\Users\Sergio\Documents\XILINX\Verilog\marzo_proyecto\Enable_S1.v".
    Summary:
	no macro.
Unit <Enable_S1_S2_S3_S4> synthesized.

Synthesizing Unit <ModuloDMux>.
    Related source file is "C:\Users\Sergio\Documents\XILINX\Verilog\marzo_proyecto\ModuloDMux.v".
    Summary:
	no macro.
Unit <ModuloDMux> synthesized.

Synthesizing Unit <ModuloMux>.
    Related source file is "C:\Users\Sergio\Documents\XILINX\Verilog\marzo_proyecto\ModuloMux.v".
    Summary:
	inferred   1 Multiplexer(s).
Unit <ModuloMux> synthesized.

Synthesizing Unit <ModuloAnd>.
    Related source file is "C:\Users\Sergio\Documents\XILINX\Verilog\marzo_proyecto\ModuloAnd.v".
    Summary:
	no macro.
Unit <ModuloAnd> synthesized.

Synthesizing Unit <FF_SR>.
    Related source file is "C:\Users\Sergio\Documents\XILINX\Verilog\marzo_proyecto\FF_SR.v".
    Found 1-bit register for signal <q>.
    Summary:
	inferred   1 D-type flip-flop(s).
	inferred   1 Multiplexer(s).
Unit <FF_SR> synthesized.

Synthesizing Unit <FF_D>.
    Related source file is "C:\Users\Sergio\Documents\XILINX\Verilog\marzo_proyecto\FF_D.v".
    Found 1-bit register for signal <q>.
    Summary:
	inferred   1 D-type flip-flop(s).
Unit <FF_D> synthesized.

=========================================================================
HDL Synthesis Report

Macro Statistics
# Registers                                            : 12
 1-bit register                                        : 12
# Multiplexers                                         : 32
 1-bit 2-to-1 multiplexer                              : 32

=========================================================================

=========================================================================
*                       Advanced HDL Synthesis                          *
=========================================================================


=========================================================================
Advanced HDL Synthesis Report

Macro Statistics
# Registers                                            : 12
 Flip-Flops                                            : 12
# Multiplexers                                         : 20
 1-bit 2-to-1 multiplexer                              : 20

=========================================================================

=========================================================================
*                         Low Level Synthesis                           *
=========================================================================

Optimizing unit <Proyecto> ...

Optimizing unit <Slot> ...

Mapping all equations...
Building and optimizing final netlist ...
Found area constraint ratio of 100 (+ 5) on block Proyecto, actual ratio is 0.

Final Macro Processing ...

=========================================================================
Final Register Report

Macro Statistics
# Registers                                            : 12
 Flip-Flops                                            : 12

=========================================================================

=========================================================================
*                           Partition Report                            *
=========================================================================

Partition Implementation Status
-------------------------------

  No Partitions were found in this design.

-------------------------------

=========================================================================
*                            Design Summary                             *
=========================================================================

Top Level Output File Name         : Proyecto.ngc

Primitive and Black Box Usage:
------------------------------
# BELS                             : 14
#      GND                         : 1
#      LUT2                        : 3
#      LUT4                        : 5
#      LUT5                        : 3
#      LUT6                        : 1
#      VCC                         : 1
# FlipFlops/Latches                : 12
#      FD                          : 12
# Clock Buffers                    : 1
#      BUFGP                       : 1
# IO Buffers                       : 25
#      IBUF                        : 13
#      OBUF                        : 12

Device utilization summary:
---------------------------

Selected Device : 6slx9csg324-3 


Slice Logic Utilization: 
 Number of Slice Registers:              12  out of  11440     0%  
 Number of Slice LUTs:                   12  out of   5720     0%  
    Number used as Logic:                12  out of   5720     0%  

Slice Logic Distribution: 
 Number of LUT Flip Flop pairs used:     13
   Number with an unused Flip Flop:       1  out of     13     7%  
   Number with an unused LUT:             1  out of     13     7%  
   Number of fully used LUT-FF pairs:    11  out of     13    84%  
   Number of unique control sets:         1

IO Utilization: 
 Number of IOs:                          31
 Number of bonded IOBs:                  26  out of    200    13%  

Specific Feature Utilization:
 Number of BUFG/BUFGCTRLs:                1  out of     16     6%  

---------------------------
Partition Resource Summary:
---------------------------

  No Partitions were found in this design.

---------------------------


=========================================================================
Timing Report

NOTE: THESE TIMING NUMBERS ARE ONLY A SYNTHESIS ESTIMATE.
      FOR ACCURATE TIMING INFORMATION PLEASE REFER TO THE TRACE REPORT
      GENERATED AFTER PLACE-and-ROUTE.

Clock Information:
------------------
-----------------------------------+------------------------+-------+
Clock Signal                       | Clock buffer(FF name)  | Load  |
-----------------------------------+------------------------+-------+
CLK                                | BUFGP                  | 12    |
-----------------------------------+------------------------+-------+

Asynchronous Control Signals Information:
----------------------------------------
No asynchronous control signals found in this design

Timing Summary:
---------------
Speed Grade: -3

   Minimum period: 1.599ns (Maximum Frequency: 625.293MHz)
   Minimum input arrival time before clock: 3.539ns
   Maximum output required time after clock: 3.732ns
   Maximum combinational path delay: 5.557ns

Timing Details:
---------------
All values displayed in nanoseconds (ns)

=========================================================================
Timing constraint: Default period analysis for Clock 'CLK'
  Clock period: 1.599ns (frequency: 625.293MHz)
  Total number of paths / destination ports: 22 / 10
-------------------------------------------------------------------------
Delay:               1.599ns (Levels of Logic = 1)
  Source:            U2/SR2/q (FF)
  Destination:       U2/SR1/q (FF)
  Source Clock:      CLK rising
  Destination Clock: CLK rising

  Data Path: U2/SR2/q to U2/SR1/q
                                Gate     Net
    Cell:in->out      fanout   Delay   Delay  Logical Name (Net Name)
    ----------------------------------------  ------------
     FD:C->Q               2   0.447   0.845  U2/SR2/q (U2/SR2/q)
     LUT5:I2->O            1   0.205   0.000  U2/SR1/q_rstpot (U2/SR1/q_rstpot)
     FD:D                      0.102          U2/SR1/q
    ----------------------------------------
    Total                      1.599ns (0.754ns logic, 0.845ns route)
                                       (47.1% logic, 52.9% route)

=========================================================================
Timing constraint: Default OFFSET IN BEFORE for Clock 'CLK'
  Total number of paths / destination ports: 24 / 12
-------------------------------------------------------------------------
Offset:              3.539ns (Levels of Logic = 3)
  Source:            a0 (PAD)
  Destination:       U1/SR1/q (FF)
  Destination Clock: CLK rising

  Data Path: a0 to U1/SR1/q
                                Gate     Net
    Cell:in->out      fanout   Delay   Delay  Logical Name (Net Name)
    ----------------------------------------  ------------
     IBUF:I->O             5   1.222   0.943  a0_IBUF (a0_IBUF)
     LUT4:I1->O            2   0.205   0.864  U1/And_inputs/OUT1 (Q_MUX6_SLOT1_OBUF)
     LUT4:I0->O            1   0.203   0.000  U1/SR1/q_rstpot (U1/SR1/q_rstpot)
     FD:D                      0.102          U1/SR1/q
    ----------------------------------------
    Total                      3.539ns (1.732ns logic, 1.807ns route)
                                       (48.9% logic, 51.1% route)

=========================================================================
Timing constraint: Default OFFSET OUT AFTER for Clock 'CLK'
  Total number of paths / destination ports: 5 / 5
-------------------------------------------------------------------------
Offset:              3.732ns (Levels of Logic = 1)
  Source:            U1/SR1/q (FF)
  Destination:       Ap (PAD)
  Source Clock:      CLK rising

  Data Path: U1/SR1/q to Ap
                                Gate     Net
    Cell:in->out      fanout   Delay   Delay  Logical Name (Net Name)
    ----------------------------------------  ------------
     FD:C->Q               5   0.447   0.714  U1/SR1/q (U1/SR1/q)
     OBUF:I->O                 2.571          Ap_OBUF (Ap)
    ----------------------------------------
    Total                      3.732ns (3.018ns logic, 0.714ns route)
                                       (80.9% logic, 19.1% route)

=========================================================================
Timing constraint: Default path analysis
  Total number of paths / destination ports: 8 / 4
-------------------------------------------------------------------------
Delay:               5.557ns (Levels of Logic = 3)
  Source:            a0 (PAD)
  Destination:       Q_MUX6_SLOT1 (PAD)

  Data Path: a0 to Q_MUX6_SLOT1
                                Gate     Net
    Cell:in->out      fanout   Delay   Delay  Logical Name (Net Name)
    ----------------------------------------  ------------
     IBUF:I->O             5   1.222   0.943  a0_IBUF (a0_IBUF)
     LUT4:I1->O            2   0.205   0.616  U1/And_inputs/OUT1 (Q_MUX6_SLOT1_OBUF)
     OBUF:I->O                 2.571          Q_MUX6_SLOT1_OBUF (Q_MUX6_SLOT1)
    ----------------------------------------
    Total                      5.557ns (3.998ns logic, 1.559ns route)
                                       (71.9% logic, 28.1% route)

=========================================================================

Cross Clock Domains Report:
--------------------------

Clock to Setup on destination clock CLK
---------------+---------+---------+---------+---------+
               | Src:Rise| Src:Fall| Src:Rise| Src:Fall|
Source Clock   |Dest:Rise|Dest:Rise|Dest:Fall|Dest:Fall|
---------------+---------+---------+---------+---------+
CLK            |    1.599|         |         |         |
---------------+---------+---------+---------+---------+

=========================================================================


Total REAL time to Xst completion: 13.00 secs
Total CPU time to Xst completion: 13.32 secs
 
--> 

Total memory usage is 4494960 kilobytes

Number of errors   :    0 (   0 filtered)
Number of warnings :    1 (   0 filtered)
Number of infos    :    0 (   0 filtered)

