--------------------------------------------------------------------------------
Release 14.7 Trace  (nt64)
Copyright (c) 1995-2013 Xilinx, Inc.  All rights reserved.

C:\Xilinx\14.7\ISE_DS\ISE\bin\nt64\unwrapped\trce.exe -intstyle ise -v 3 -s 3
-n 3 -fastpaths -xml Slot.twx Slot.ncd -o Slot.twr Slot.pcf -ucf spartan.ucf

Design file:              Slot.ncd
Physical constraint file: Slot.pcf
Device,package,speed:     xc6slx9,csg324,C,-3 (PRODUCTION 1.23 2013-10-13)
Report level:             verbose report

Environment Variable      Effect 
--------------------      ------ 
NONE                      No environment variables were set
--------------------------------------------------------------------------------

INFO:Timing:2698 - No timing constraints found, doing default enumeration.
INFO:Timing:3412 - To improve timing, see the Timing Closure User Guide (UG612).
INFO:Timing:2752 - To get complete path coverage, use the unconstrained paths 
   option. All paths that are not constrained will be reported in the 
   unconstrained paths section(s) of the report.
INFO:Timing:3339 - The clock-to-out numbers in this timing report are based on 
   a 50 Ohm transmission line loading model.  For the details of this model, 
   and for more information on accounting for different loading conditions, 
   please see the device datasheet.



Data Sheet report:
-----------------
All values displayed in nanoseconds (ns)

Pad to Pad
---------------+---------------+---------+
Source Pad     |Destination Pad|  Delay  |
---------------+---------------+---------+
INPUT0_MUX3    |LED1           |    7.973|
INPUT0_MUX3    |LED2           |    8.017|
INPUT0_MUX3    |LED3           |    8.503|
INPUT0_MUX3    |LED4           |    8.310|
INPUT0_MUX6    |LED1           |    7.786|
INPUT0_MUX6    |LED2           |    7.958|
INPUT0_MUX6    |LED3           |    8.316|
INPUT0_MUX6    |LED4           |    8.251|
INPUT1_MUX1    |LED1           |    8.224|
INPUT1_MUX1    |LED2           |    8.414|
INPUT1_MUX1    |LED3           |    8.754|
INPUT1_MUX1    |LED4           |    8.707|
---------------+---------------+---------+


Analysis completed Tue Mar 02 16:36:40 2021 
--------------------------------------------------------------------------------

Trace Settings:
-------------------------
Trace Settings 

Peak Memory Usage: 4572 MB



