Release 14.7 - xst P.20131013 (nt64)
Copyright (c) 1995-2013 Xilinx, Inc.  All rights reserved.
--> Parameter TMPDIR set to xst/projnav.tmp


Total REAL time to Xst completion: 0.00 secs
Total CPU time to Xst completion: 0.32 secs
 
--> Parameter xsthdpdir set to xst


Total REAL time to Xst completion: 0.00 secs
Total CPU time to Xst completion: 0.32 secs
 
--> Reading design: Slot.prj

TABLE OF CONTENTS
  1) Synthesis Options Summary
  2) HDL Parsing
  3) HDL Elaboration
  4) HDL Synthesis
       4.1) HDL Synthesis Report
  5) Advanced HDL Synthesis
       5.1) Advanced HDL Synthesis Report
  6) Low Level Synthesis
  7) Partition Report
  8) Design Summary
       8.1) Primitive and Black Box Usage
       8.2) Device utilization summary
       8.3) Partition Resource Summary
       8.4) Timing Report
            8.4.1) Clock Information
            8.4.2) Asynchronous Control Signals Information
            8.4.3) Timing Summary
            8.4.4) Timing Details
            8.4.5) Cross Clock Domains Report


=========================================================================
*                      Synthesis Options Summary                        *
=========================================================================
---- Source Parameters
Input File Name                    : "Slot.prj"
Ignore Synthesis Constraint File   : NO

---- Target Parameters
Output File Name                   : "Slot"
Output Format                      : NGC
Target Device                      : xc6slx9-3-csg324

---- Source Options
Top Module Name                    : Slot
Automatic FSM Extraction           : YES
FSM Encoding Algorithm             : Auto
Safe Implementation                : No
FSM Style                          : LUT
RAM Extraction                     : Yes
RAM Style                          : Auto
ROM Extraction                     : Yes
Shift Register Extraction          : YES
ROM Style                          : Auto
Resource Sharing                   : YES
Asynchronous To Synchronous        : NO
Shift Register Minimum Size        : 2
Use DSP Block                      : Auto
Automatic Register Balancing       : No

---- Target Options
LUT Combining                      : Auto
Reduce Control Sets                : Auto
Add IO Buffers                     : YES
Global Maximum Fanout              : 100000
Add Generic Clock Buffer(BUFG)     : 16
Register Duplication               : YES
Optimize Instantiated Primitives   : NO
Use Clock Enable                   : Auto
Use Synchronous Set                : Auto
Use Synchronous Reset              : Auto
Pack IO Registers into IOBs        : Auto
Equivalent register Removal        : YES

---- General Options
Optimization Goal                  : Speed
Optimization Effort                : 1
Power Reduction                    : NO
Keep Hierarchy                     : No
Netlist Hierarchy                  : As_Optimized
RTL Output                         : Yes
Global Optimization                : AllClockNets
Read Cores                         : YES
Write Timing Constraints           : NO
Cross Clock Analysis               : NO
Hierarchy Separator                : /
Bus Delimiter                      : <>
Case Specifier                     : Maintain
Slice Utilization Ratio            : 100
BRAM Utilization Ratio             : 100
DSP48 Utilization Ratio            : 100
Auto BRAM Packing                  : NO
Slice Utilization Ratio Delta      : 5

=========================================================================


=========================================================================
*                          HDL Parsing                                  *
=========================================================================
Analyzing Verilog file "C:\Users\Sergio\Documents\XILINX\Verilog\marzo_proyecto\ModuloMux.v" into library work
Parsing module <ModuloMux>.
Analyzing Verilog file "C:\Users\Sergio\Documents\XILINX\Verilog\marzo_proyecto\ModuloDMux.v" into library work
Parsing module <ModuloDMux>.
Analyzing Verilog file "C:\Users\Sergio\Documents\XILINX\Verilog\marzo_proyecto\ModuloAnd.v" into library work
Parsing module <ModuloAnd>.
Analyzing Verilog file "C:\Users\Sergio\Documents\XILINX\Verilog\marzo_proyecto\FF_SR.v" into library work
Parsing module <FF_SR>.
Analyzing Verilog file "C:\Users\Sergio\Documents\XILINX\Verilog\marzo_proyecto\FF_D.v" into library work
Parsing module <FF_D>.
Analyzing Verilog file "C:\Users\Sergio\Documents\XILINX\Verilog\marzo_proyecto\Enable_S1.v" into library work
Parsing module <Enable_S1_S2_S3_S4>.
Analyzing Verilog file "C:\Users\Sergio\Documents\XILINX\Verilog\marzo_proyecto\Slot.v" into library work
Parsing module <Slot>.

=========================================================================
*                            HDL Elaboration                            *
=========================================================================

Elaborating module <Slot>.

Elaborating module <Enable_S1_S2_S3_S4>.

Elaborating module <ModuloDMux>.

Elaborating module <ModuloMux>.

Elaborating module <ModuloAnd>.

Elaborating module <FF_SR>.

Elaborating module <FF_D>.
WARNING:HDLCompiler:189 - "C:\Users\Sergio\Documents\XILINX\Verilog\marzo_proyecto\Slot.v" Line 163: Size mismatch in connection of port <uno>. Formal port size is 1-bit while actual signal size is 32-bit.
WARNING:HDLCompiler:634 - "C:\Users\Sergio\Documents\XILINX\Verilog\marzo_proyecto\Slot.v" Line 124: Net <CLK> does not have a driver.

=========================================================================
*                           HDL Synthesis                               *
=========================================================================

Synthesizing Unit <Slot>.
    Related source file is "C:\Users\Sergio\Documents\XILINX\Verilog\marzo_proyecto\Slot.v".
WARNING:Xst:653 - Signal <CLK> is used but never assigned. This sourceless signal will be automatically connected to value GND.
    Summary:
	no macro.
Unit <Slot> synthesized.

Synthesizing Unit <Enable_S1_S2_S3_S4>.
    Related source file is "C:\Users\Sergio\Documents\XILINX\Verilog\marzo_proyecto\Enable_S1.v".
    Summary:
	no macro.
Unit <Enable_S1_S2_S3_S4> synthesized.

Synthesizing Unit <ModuloDMux>.
    Related source file is "C:\Users\Sergio\Documents\XILINX\Verilog\marzo_proyecto\ModuloDMux.v".
    Summary:
	no macro.
Unit <ModuloDMux> synthesized.

Synthesizing Unit <ModuloMux>.
    Related source file is "C:\Users\Sergio\Documents\XILINX\Verilog\marzo_proyecto\ModuloMux.v".
    Summary:
	inferred   1 Multiplexer(s).
Unit <ModuloMux> synthesized.

Synthesizing Unit <ModuloAnd>.
    Related source file is "C:\Users\Sergio\Documents\XILINX\Verilog\marzo_proyecto\ModuloAnd.v".
    Summary:
	no macro.
Unit <ModuloAnd> synthesized.

Synthesizing Unit <FF_SR>.
    Related source file is "C:\Users\Sergio\Documents\XILINX\Verilog\marzo_proyecto\FF_SR.v".
    Found 1-bit register for signal <q>.
    Summary:
	inferred   1 D-type flip-flop(s).
	inferred   1 Multiplexer(s).
Unit <FF_SR> synthesized.

Synthesizing Unit <FF_D>.
    Related source file is "C:\Users\Sergio\Documents\XILINX\Verilog\marzo_proyecto\FF_D.v".
    Found 1-bit register for signal <q>.
    Summary:
	inferred   1 D-type flip-flop(s).
Unit <FF_D> synthesized.

=========================================================================
HDL Synthesis Report

Macro Statistics
# Registers                                            : 3
 1-bit register                                        : 3
# Multiplexers                                         : 8
 1-bit 2-to-1 multiplexer                              : 8

=========================================================================

=========================================================================
*                       Advanced HDL Synthesis                          *
=========================================================================

WARNING:Xst:1710 - FF/Latch <q> (without init value) has a constant value of 0 in block <SR2>. This FF/Latch will be trimmed during the optimization process.
WARNING:Xst:1710 - FF/Latch <q> (without init value) has a constant value of 0 in block <SR1>. This FF/Latch will be trimmed during the optimization process.
WARNING:Xst:1710 - FF/Latch <q> (without init value) has a constant value of 0 in block <D1>. This FF/Latch will be trimmed during the optimization process.
WARNING:Xst:1290 - Hierarchical block <SR2> is unconnected in block <Slot>.
   It will be removed from the design.
WARNING:Xst:1290 - Hierarchical block <MUX3> is unconnected in block <Slot>.
   It will be removed from the design.
WARNING:Xst:1290 - Hierarchical block <MUX2> is unconnected in block <Slot>.
   It will be removed from the design.
WARNING:Xst:1290 - Hierarchical block <D1> is unconnected in block <Slot>.
   It will be removed from the design.

=========================================================================
Advanced HDL Synthesis Report

Macro Statistics
# Registers                                            : 3
 Flip-Flops                                            : 3
# Multiplexers                                         : 5
 1-bit 2-to-1 multiplexer                              : 5

=========================================================================

=========================================================================
*                         Low Level Synthesis                           *
=========================================================================
WARNING:Xst:1710 - FF/Latch <q> (without init value) has a constant value of 0 in block <FF_D>. This FF/Latch will be trimmed during the optimization process.
WARNING:Xst:1710 - FF/Latch <SR1/q> (without init value) has a constant value of 0 in block <Slot>. This FF/Latch will be trimmed during the optimization process.
WARNING:Xst:1710 - FF/Latch <SR2/q> (without init value) has a constant value of 0 in block <Slot>. This FF/Latch will be trimmed during the optimization process.

Optimizing unit <Slot> ...

Mapping all equations...
Building and optimizing final netlist ...
Found area constraint ratio of 100 (+ 5) on block Slot, actual ratio is 0.

Final Macro Processing ...

=========================================================================
Final Register Report

Found no macro
=========================================================================

=========================================================================
*                           Partition Report                            *
=========================================================================

Partition Implementation Status
-------------------------------

  No Partitions were found in this design.

-------------------------------

=========================================================================
*                            Design Summary                             *
=========================================================================

Top Level Output File Name         : Slot.ngc

Primitive and Black Box Usage:
------------------------------
# BELS                             : 5
#      GND                         : 1
#      LUT3                        : 1
#      LUT4                        : 1
#      LUT5                        : 1
#      LUT6                        : 1
# IO Buffers                       : 14
#      IBUF                        : 9
#      OBUF                        : 5

Device utilization summary:
---------------------------

Selected Device : 6slx9csg324-3 


Slice Logic Utilization: 
 Number of Slice LUTs:                    4  out of   5720     0%  
    Number used as Logic:                 4  out of   5720     0%  

Slice Logic Distribution: 
 Number of LUT Flip Flop pairs used:      4
   Number with an unused Flip Flop:       4  out of      4   100%  
   Number with an unused LUT:             0  out of      4     0%  
   Number of fully used LUT-FF pairs:     0  out of      4     0%  
   Number of unique control sets:         0

IO Utilization: 
 Number of IOs:                          16
 Number of bonded IOBs:                  14  out of    200     7%  

Specific Feature Utilization:

---------------------------
Partition Resource Summary:
---------------------------

  No Partitions were found in this design.

---------------------------


=========================================================================
Timing Report

NOTE: THESE TIMING NUMBERS ARE ONLY A SYNTHESIS ESTIMATE.
      FOR ACCURATE TIMING INFORMATION PLEASE REFER TO THE TRACE REPORT
      GENERATED AFTER PLACE-and-ROUTE.

Clock Information:
------------------
No clock signals found in this design

Asynchronous Control Signals Information:
----------------------------------------
No asynchronous control signals found in this design

Timing Summary:
---------------
Speed Grade: -3

   Minimum period: No path found
   Minimum input arrival time before clock: No path found
   Maximum output required time after clock: No path found
   Maximum combinational path delay: 6.435ns

Timing Details:
---------------
All values displayed in nanoseconds (ns)

=========================================================================
Timing constraint: Default path analysis
  Total number of paths / destination ports: 19 / 3
-------------------------------------------------------------------------
Delay:               6.435ns (Levels of Logic = 4)
  Source:            IN2 (PAD)
  Destination:       OUT0_DMUX1 (PAD)

  Data Path: IN2 to OUT0_DMUX1
                                Gate     Net
    Cell:in->out      fanout   Delay   Delay  Logical Name (Net Name)
    ----------------------------------------  ------------
     IBUF:I->O             1   1.222   0.808  IN2_IBUF (IN2_IBUF)
     LUT3:I0->O            2   0.205   0.845  MUX6/Mmux_Q121 (MUX6/Mmux_Q12)
     LUT5:I2->O            1   0.205   0.579  DM1/cero1 (OUT0_DMUX1_OBUF)
     OBUF:I->O                 2.571          OUT0_DMUX1_OBUF (OUT0_DMUX1)
    ----------------------------------------
    Total                      6.435ns (4.203ns logic, 2.232ns route)
                                       (65.3% logic, 34.7% route)

=========================================================================

Cross Clock Domains Report:
--------------------------

=========================================================================


Total REAL time to Xst completion: 12.00 secs
Total CPU time to Xst completion: 11.71 secs
 
--> 

Total memory usage is 4494960 kilobytes

Number of errors   :    0 (   0 filtered)
Number of warnings :   13 (   0 filtered)
Number of infos    :    0 (   0 filtered)

